 MODEL5 
+----------------------------------------------------------+
| FACILITY Box[0]                                          |
+----------------------------------------------------------+
|  Status = BUSY                                           |
|  Time interval = 0 - 1000                                |
|  Number of requests = 72                                 |
|  Average utilization = 0.711404                          |
+----------------------------------------------------------+

+----------------------------------------------------------+
| FACILITY Box[1]                                          |
+----------------------------------------------------------+
|  Status = not BUSY                                       |
|  Time interval = 0 - 1000                                |
|  Number of requests = 82                                 |
|  Average utilization = 0.82                              |
+----------------------------------------------------------+

+----------------------------------------------------------+
| QUEUE Waiting customers                                  |
+----------------------------------------------------------+
|  Time interval = 0 - 1000                                |
|  Incoming  113                                           |
|  Outcoming  113                                          |
|  Current length = 0                                      |
|  Maximal length = 6                                      |
|  Average length = 1.52204                                |
|  Minimal time = 0.642768                                 |
|  Maximal time = 36.6251                                  |
|  Average time = 13.4694                                  |
|  Standard deviation = 8.68423                            |
+----------------------------------------------------------+
+----------------------------------------------------------+
| HISTOGRAM Time spent in system                           |
+----------------------------------------------------------+
| STATISTIC                                                |
+----------------------------------------------------------+
|  Min = 10                      Max = 46.6251             |
|  Number of records = 153                                 |
|  Average value = 19.948                                  |
|  Standard deviation = 9.53052                            |
+----------------------------------------------------------+
|    from    |     to     |     n    |   rel    |   sum    |
+------------+------------+----------+----------+----------+
|      0.000 |      5.000 |        0 | 0.000000 | 0.000000 |
|      5.000 |     10.000 |        1 | 0.006536 | 0.006536 |
|     10.000 |     15.000 |       60 | 0.392157 | 0.398693 |
|     15.000 |     20.000 |       27 | 0.176471 | 0.575163 |
|     20.000 |     25.000 |       22 | 0.143791 | 0.718954 |
|     25.000 |     30.000 |       17 | 0.111111 | 0.830065 |
|     30.000 |     35.000 |       13 | 0.084967 | 0.915033 |
|     35.000 |     40.000 |        8 | 0.052288 | 0.967320 |
|     40.000 |     45.000 |        4 | 0.026144 | 0.993464 |
|     45.000 |     50.000 |        1 | 0.006536 | 1.000000 |
|     50.000 |     55.000 |        0 | 0.000000 | 1.000000 |
|     55.000 |     60.000 |        0 | 0.000000 | 1.000000 |
|     60.000 |     65.000 |        0 | 0.000000 | 1.000000 |
|     65.000 |     70.000 |        0 | 0.000000 | 1.000000 |
|     70.000 |     75.000 |        0 | 0.000000 | 1.000000 |
|     75.000 |     80.000 |        0 | 0.000000 | 1.000000 |
|     80.000 |     85.000 |        0 | 0.000000 | 1.000000 |
|     85.000 |     90.000 |        0 | 0.000000 | 1.000000 |
|     90.000 |     95.000 |        0 | 0.000000 | 1.000000 |
|     95.000 |    100.000 |        0 | 0.000000 | 1.000000 |
+------------+------------+----------+----------+----------+

#
# SIMLIB run-time statistics:
#    StartTime  = 0
#    EndTime    = 1000
#    EventCount = 574
#    StepCount  = 0
#
