 MODEL4 
+----------------------------------------------------------+
| FACILITY Box[0]                                          |
+----------------------------------------------------------+
|  Status = BUSY                                           |
|  Time interval = 0 - 1000                                |
|  Number of requests = 80                                 |
|  Average utilization = 0.79022                           |
+----------------------------------------------------------+
  External input queue 'Waiting customers'

+----------------------------------------------------------+
| FACILITY Box[1]                                          |
+----------------------------------------------------------+
|  Status = BUSY                                           |
|  Time interval = 0 - 1000                                |
|  Number of requests = 72                                 |
|  Average utilization = 0.71759                           |
+----------------------------------------------------------+
  External input queue 'Waiting customers'

+----------------------------------------------------------+
| QUEUE Waiting customers                                  |
+----------------------------------------------------------+
|  Time interval = 0 - 1000                                |
|  Incoming  88                                            |
|  Outcoming  86                                           |
|  Current length = 2                                      |
|  Maximal length = 5                                      |
|  Average length = 0.603733                               |
|  Minimal time = 0.295107                                 |
|  Maximal time = 20.7156                                  |
|  Average time = 6.98504                                  |
+----------------------------------------------------------+
+----------------------------------------------------------+
| HISTOGRAM Time spent in system                           |
+----------------------------------------------------------+
| STATISTIC                                                |
+----------------------------------------------------------+
|  Min = 10                      Max = 30.7156             |
|  Number of records = 150                                 |
|  Average value = 13.9852                                 |
|  Standard deviation = 5.11769                            |
+----------------------------------------------------------+
|    from    |     to     |     n    |   rel    |   sum    |
+------------+------------+----------+----------+----------+
|      0.000 |      5.000 |        0 | 0.000000 | 0.000000 |
|      5.000 |     10.000 |        0 | 0.000000 | 0.000000 |
|     10.000 |     15.000 |      100 | 0.666667 | 0.666667 |
|     15.000 |     20.000 |       30 | 0.200000 | 0.866667 |
|     20.000 |     25.000 |       12 | 0.080000 | 0.946667 |
|     25.000 |     30.000 |        7 | 0.046667 | 0.993333 |
|     30.000 |     35.000 |        1 | 0.006667 | 1.000000 |
|     35.000 |     40.000 |        0 | 0.000000 | 1.000000 |
|     40.000 |     45.000 |        0 | 0.000000 | 1.000000 |
|     45.000 |     50.000 |        0 | 0.000000 | 1.000000 |
|     50.000 |     55.000 |        0 | 0.000000 | 1.000000 |
|     55.000 |     60.000 |        0 | 0.000000 | 1.000000 |
|     60.000 |     65.000 |        0 | 0.000000 | 1.000000 |
|     65.000 |     70.000 |        0 | 0.000000 | 1.000000 |
|     70.000 |     75.000 |        0 | 0.000000 | 1.000000 |
|     75.000 |     80.000 |        0 | 0.000000 | 1.000000 |
|     80.000 |     85.000 |        0 | 0.000000 | 1.000000 |
|     85.000 |     90.000 |        0 | 0.000000 | 1.000000 |
|     90.000 |     95.000 |        0 | 0.000000 | 1.000000 |
|     95.000 |    100.000 |        0 | 0.000000 | 1.000000 |
+------------+------------+----------+----------+----------+

#
# SIMLIB run-time statistics:
#    StartTime  = 0
#    EndTime    = 1000
#    EventCount = 544
#    StepCount  = 0
#
