 MODEL2 
+----------------------------------------------------------+
| FACILITY Server                                          |
+----------------------------------------------------------+
|  Status = BUSY                                           |
|  Time interval = 0 - 1000                                |
|  Number of requests = 101                                |
|  Average utilization = 1                                 |
+----------------------------------------------------------+
  Input queue 'Server.Q1'
+----------------------------------------------------------+
| QUEUE Q1                                                 |
+----------------------------------------------------------+
|  Time interval = 0 - 1000                                |
|  Incoming  153                                           |
|  Outcoming  100                                          |
|  Current length = 53                                     |
|  Maximal length = 54                                     |
|  Average length = 24.8126                                |
|  Minimal time = 2.33366                                  |
|  Maximal time = 344.022                                  |
|  Average time = 164.45                                   |
|  Standard deviation = 93.0429                            |
+----------------------------------------------------------+

+----------------------------------------------------------+
| HISTOGRAM Table of time spent in system                  |
+----------------------------------------------------------+
| STATISTIC                                                |
+----------------------------------------------------------+
|  Min = 10                      Max = 352.025             |
|  Number of records = 100                                 |
|  Average value = 171.01                                  |
|  Standard deviation = 92.6957                            |
+----------------------------------------------------------+
|    from    |     to     |     n    |   rel    |   sum    |
+------------+------------+----------+----------+----------+
|      0.000 |     25.000 |        3 | 0.030000 | 0.030000 |
|     25.000 |     50.000 |        6 | 0.060000 | 0.090000 |
|     50.000 |     75.000 |        8 | 0.080000 | 0.170000 |
|     75.000 |    100.000 |       11 | 0.110000 | 0.280000 |
|    100.000 |    125.000 |        5 | 0.050000 | 0.330000 |
|    125.000 |    150.000 |       15 | 0.150000 | 0.480000 |
|    150.000 |    175.000 |        6 | 0.060000 | 0.540000 |
|    175.000 |    200.000 |        8 | 0.080000 | 0.620000 |
|    200.000 |    225.000 |        9 | 0.090000 | 0.710000 |
|    225.000 |    250.000 |        8 | 0.080000 | 0.790000 |
|    250.000 |    275.000 |        4 | 0.040000 | 0.830000 |
|    275.000 |    300.000 |        4 | 0.040000 | 0.870000 |
|    300.000 |    325.000 |        7 | 0.070000 | 0.940000 |
|    325.000 |    350.000 |        5 | 0.050000 | 0.990000 |
|    350.000 |    375.000 |        1 | 0.010000 | 1.000000 |
|    375.000 |    400.000 |        0 | 0.000000 | 1.000000 |
|    400.000 |    425.000 |        0 | 0.000000 | 1.000000 |
|    425.000 |    450.000 |        0 | 0.000000 | 1.000000 |
|    450.000 |    475.000 |        0 | 0.000000 | 1.000000 |
|    475.000 |    500.000 |        0 | 0.000000 | 1.000000 |
+------------+------------+----------+----------+----------+

#
# SIMLIB run-time statistics:
#    StartTime  = 0
#    EndTime    = 1000
#    EventCount = 508
#    StepCount  = 0
#
