 MODEL3 
+----------------------------------------------------------+
| STORE Box                                                |
+----------------------------------------------------------+
|  Capacity = 5  (1 used, 4 free)                          |
|  Time interval = 0 - 1000                                |
|  Number of Enter operations = 154                        |
|  Minimal used capacity = 0                               |
|  Maximal used capacity = 5                               |
|  Average used capacity = 3.1914                          |
+----------------------------------------------------------+
  Input queue 'Box.Q'
+----------------------------------------------------------+
| QUEUE Q                                                  |
+----------------------------------------------------------+
|  Time interval = 0 - 1000                                |
|  Incoming  73                                            |
|  Outcoming  73                                           |
|  Current length = 0                                      |
|  Maximal length = 5                                      |
|  Average length = 0.564857                               |
|  Minimal time = 0.080682                                 |
|  Maximal time = 23.4185                                  |
|  Average time = 7.73777                                  |
+----------------------------------------------------------+

+----------------------------------------------------------+
| HISTOGRAM Total time spent in system                     |
+----------------------------------------------------------+
| STATISTIC                                                |
+----------------------------------------------------------+
|  Min = 10                      Max = 33.4185             |
|  Number of records = 153                                 |
|  Average value = 13.6919                                 |
|  Standard deviation = 5.47301                            |
+----------------------------------------------------------+
|    from    |     to     |     n    |   rel    |   sum    |
+------------+------------+----------+----------+----------+
|      0.000 |      5.000 |        0 | 0.000000 | 0.000000 |
|      5.000 |     10.000 |        2 | 0.013072 | 0.013072 |
|     10.000 |     15.000 |      107 | 0.699346 | 0.712418 |
|     15.000 |     20.000 |       23 | 0.150327 | 0.862745 |
|     20.000 |     25.000 |       13 | 0.084967 | 0.947712 |
|     25.000 |     30.000 |        5 | 0.032680 | 0.980392 |
|     30.000 |     35.000 |        3 | 0.019608 | 1.000000 |
|     35.000 |     40.000 |        0 | 0.000000 | 1.000000 |
|     40.000 |     45.000 |        0 | 0.000000 | 1.000000 |
|     45.000 |     50.000 |        0 | 0.000000 | 1.000000 |
|     50.000 |     55.000 |        0 | 0.000000 | 1.000000 |
|     55.000 |     60.000 |        0 | 0.000000 | 1.000000 |
|     60.000 |     65.000 |        0 | 0.000000 | 1.000000 |
|     65.000 |     70.000 |        0 | 0.000000 | 1.000000 |
|     70.000 |     75.000 |        0 | 0.000000 | 1.000000 |
|     75.000 |     80.000 |        0 | 0.000000 | 1.000000 |
|     80.000 |     85.000 |        0 | 0.000000 | 1.000000 |
|     85.000 |     90.000 |        0 | 0.000000 | 1.000000 |
|     90.000 |     95.000 |        0 | 0.000000 | 1.000000 |
|     95.000 |    100.000 |        0 | 0.000000 | 1.000000 |
+------------+------------+----------+----------+----------+

#
# SIMLIB run-time statistics:
#    StartTime  = 0
#    EndTime    = 1000
#    EventCount = 534
#    StepCount  = 0
#
