 network --- model of computer network
+----------------------------------------------------------+
| FACILITY Processor                                       |
+----------------------------------------------------------+
|  Status = not BUSY                                       |
|  Time interval = 0 - 36000                               |
|  Number of requests = 10874                              |
|  Average utilization = 0.205236                          |
+----------------------------------------------------------+
  Input queue 'Processor.Q1'
+----------------------------------------------------------+
| QUEUE Q1                                                 |
+----------------------------------------------------------+
|  Time interval = 0 - 36000                               |
|  Incoming  2229                                          |
|  Outcoming  2229                                         |
|  Current length = 0                                      |
|  Maximal length = 7                                      |
|  Average length = 0.0312282                              |
|  Minimal time = 0.000143557                              |
|  Maximal time = 8.7913                                   |
|  Average time = 0.504359                                 |
|  Standard deviation = 0.670308                           |
+----------------------------------------------------------+

+----------------------------------------------------------+
| FACILITY Bus                                             |
+----------------------------------------------------------+
|  Status = not BUSY                                       |
|  Time interval = 0 - 36000                               |
|  Number of requests = 11194                              |
|  Average utilization = 0.212696                          |
+----------------------------------------------------------+
  Input queue 'Bus.Q1'
+----------------------------------------------------------+
| QUEUE Q1                                                 |
+----------------------------------------------------------+
|  Time interval = 0 - 36000                               |
|  Incoming  150                                           |
|  Outcoming  150                                          |
|  Current length = 0                                      |
|  Maximal length = 1                                      |
|  Average length = 0.00577142                             |
|  Minimal time = 0.00194417                               |
|  Maximal time = 8.33333                                  |
|  Average time = 1.38514                                  |
|  Standard deviation = 1.78755                            |
+----------------------------------------------------------+
  Interrupted services queue 'Bus.Q2'
+----------------------------------------------------------+
| QUEUE Q2                                                 |
+----------------------------------------------------------+
|  Time interval = 0 - 36000                               |
|  Incoming  25                                            |
|  Outcoming  25                                           |
|  Current length = 0                                      |
|  Maximal length = 1                                      |
|  Average length = 0.000175486                            |
|  Minimal time = 0.07625                                  |
|  Maximal time = 0.362917                                 |
|  Average time = 0.2527                                   |
+----------------------------------------------------------+

+----------------------------------------------------------+
| FACILITY DMA                                             |
+----------------------------------------------------------+
|  Status = not BUSY                                       |
|  Time interval = 0 - 36000                               |
|  Number of requests = 320                                |
|  Average utilization = 0.0134071                         |
+----------------------------------------------------------+
  Input queue 'DMA.Q1'
+----------------------------------------------------------+
| QUEUE Q1                                                 |
+----------------------------------------------------------+
|  Time interval = 0 - 36000                               |
|  Incoming  3                                             |
|  Outcoming  3                                            |
|  Current length = 0                                      |
|  Maximal length = 1                                      |
|  Average length = 0.000114627                            |
|  Minimal time = 0.674575                                 |
|  Maximal time = 2.25681                                  |
|  Average time = 1.37552                                  |
+----------------------------------------------------------+

+----------------------------------------------------------+
| STORE Memory                                             |
+----------------------------------------------------------+
|  Capacity = 24576  (10300 used, 14276 free)              |
|  Time interval = 0 - 36000                               |
|  Number of Enter operations = 10874                      |
|  Minimal used capacity = 0                               |
|  Maximal used capacity = 22400                           |
|  Average used capacity = 4681.02                         |
+----------------------------------------------------------+

+----------------------------------------------------------+
| HISTOGRAM Service time for cash desk                     |
+----------------------------------------------------------+
| STATISTIC                                                |
+----------------------------------------------------------+
|  Min = 0.666667                Max = 9.45797             |
|  Number of records = 10778                               |
|  Average value = 0.787449                                |
|  Standard deviation = 0.449828                           |
+----------------------------------------------------------+
|    from    |     to     |     n    |   rel    |   sum    |
+------------+------------+----------+----------+----------+
|      0.000 |      1.000 |     9395 | 0.871683 | 0.871683 |
|      1.000 |      2.000 |     1260 | 0.116905 | 0.988588 |
|      2.000 |      3.000 |       57 | 0.005289 | 0.993876 |
|      3.000 |      4.000 |       26 | 0.002412 | 0.996289 |
|      4.000 |      5.000 |        9 | 0.000835 | 0.997124 |
|      5.000 |      6.000 |       11 | 0.001021 | 0.998144 |
|      6.000 |      7.000 |        6 | 0.000557 | 0.998701 |
|      7.000 |      8.000 |        6 | 0.000557 | 0.999258 |
|      8.000 |      9.000 |        4 | 0.000371 | 0.999629 |
|      9.000 |     10.000 |        4 | 0.000371 | 1.000000 |
+------------+------------+----------+----------+----------+

+----------------------------------------------------------+
| HISTOGRAM Service time for terminal                      |
+----------------------------------------------------------+
| STATISTIC                                                |
+----------------------------------------------------------+
|  Min = 3.57751                 Max = 23.9814             |
|  Number of records = 48                                  |
|  Average value = 13.9502                                 |
+----------------------------------------------------------+
|    from    |     to     |     n    |   rel    |   sum    |
+------------+------------+----------+----------+----------+
|      0.000 |      5.000 |        3 | 0.062500 | 0.062500 |
|      5.000 |     10.000 |        7 | 0.145833 | 0.208333 |
|     10.000 |     15.000 |       18 | 0.375000 | 0.583333 |
|     15.000 |     20.000 |       14 | 0.291667 | 0.875000 |
|     20.000 |     25.000 |        6 | 0.125000 | 1.000000 |
|     25.000 |     30.000 |        0 | 0.000000 | 1.000000 |
|     30.000 |     35.000 |        0 | 0.000000 | 1.000000 |
|     35.000 |     40.000 |        0 | 0.000000 | 1.000000 |
|     40.000 |     45.000 |        0 | 0.000000 | 1.000000 |
|     45.000 |     50.000 |        0 | 0.000000 | 1.000000 |
+------------+------------+----------+----------+----------+

#
# SIMLIB run-time statistics:
#    StartTime  = 0
#    EndTime    = 36000
#    EventCount = 35772
#    StepCount  = 0
#
