Model of telephone exchange
+----------------------------------------------------------+
| STORE PBX                                                |
+----------------------------------------------------------+
|  Capacity = 6  (4 used, 2 free)                          |
|  Time interval = 0 - 480                                 |
|  Number of Enter operations = 307                        |
|  Minimal used capacity = 0                               |
|  Maximal used capacity = 6                               |
|  Average used capacity = 5.26912                         |
+----------------------------------------------------------+
  Input queue 'PBX.Q'
+----------------------------------------------------------+
| QUEUE Q                                                  |
+----------------------------------------------------------+
|  Time interval = 0 - 480                                 |
|  Incoming  185                                           |
|  Outcoming  185                                          |
|  Current length = 0                                      |
|  Maximal length = 10                                     |
|  Average length = 1.65394                                |
|  Minimal time = 0.00539297                               |
|  Maximal time = 14.0243                                  |
|  Average time = 4.2913                                   |
|  Standard deviation = 3.40398                            |
+----------------------------------------------------------+

+----------------------------------------------------------+
| HISTOGRAM Waiting to connection: internal calls          |
+----------------------------------------------------------+
| STATISTIC                                                |
+----------------------------------------------------------+
|  Min = 0                       Max = 41.6942             |
|  Number of records = 947                                 |
|  Average value = 0.575988                                |
|  Standard deviation = 2.8671                             |
+----------------------------------------------------------+
|    from    |     to     |     n    |   rel    |   sum    |
+------------+------------+----------+----------+----------+
|      0.000 |      0.100 |      855 | 0.902851 | 0.902851 |
|      0.100 |      0.200 |        1 | 0.001056 | 0.903907 |
|      0.200 |      0.300 |        2 | 0.002112 | 0.906019 |
|      0.300 |      0.400 |        1 | 0.001056 | 0.907075 |
|      0.400 |      0.500 |        1 | 0.001056 | 0.908131 |
|      0.500 |      0.600 |        2 | 0.002112 | 0.910243 |
|      0.600 |      0.700 |        3 | 0.003168 | 0.913411 |
|      0.700 |      0.800 |        3 | 0.003168 | 0.916579 |
|      0.800 |      0.900 |        3 | 0.003168 | 0.919747 |
|      0.900 |      1.000 |        1 | 0.001056 | 0.920803 |
|      1.000 |      1.100 |        2 | 0.002112 | 0.922914 |
|      1.100 |      1.200 |        4 | 0.004224 | 0.927138 |
|      1.200 |      1.300 |        0 | 0.000000 | 0.927138 |
|      1.300 |      1.400 |        3 | 0.003168 | 0.930306 |
|      1.400 |      1.500 |        3 | 0.003168 | 0.933474 |
|      1.500 |      1.600 |        0 | 0.000000 | 0.933474 |
|      1.600 |      1.700 |        2 | 0.002112 | 0.935586 |
|      1.700 |      1.800 |        0 | 0.000000 | 0.935586 |
|      1.800 |      1.900 |        1 | 0.001056 | 0.936642 |
|      1.900 |      2.000 |        2 | 0.002112 | 0.938754 |
+------------+------------+----------+----------+----------+

+----------------------------------------------------------+
| HISTOGRAM Waiting to connection: external calls          |
+----------------------------------------------------------+
| STATISTIC                                                |
+----------------------------------------------------------+
|  Min = 0                       Max = 25.4209             |
|  Number of records = 252                                 |
|  Average value = 0.457623                                |
|  Standard deviation = 2.26973                            |
+----------------------------------------------------------+
|    from    |     to     |     n    |   rel    |   sum    |
+------------+------------+----------+----------+----------+
|      0.000 |      0.100 |      231 | 0.916667 | 0.916667 |
|      0.100 |      0.200 |        0 | 0.000000 | 0.916667 |
|      0.200 |      0.300 |        1 | 0.003968 | 0.920635 |
|      0.300 |      0.400 |        0 | 0.000000 | 0.920635 |
|      0.400 |      0.500 |        1 | 0.003968 | 0.924603 |
|      0.500 |      0.600 |        0 | 0.000000 | 0.924603 |
|      0.600 |      0.700 |        2 | 0.007937 | 0.932540 |
|      0.700 |      0.800 |        0 | 0.000000 | 0.932540 |
|      0.800 |      0.900 |        0 | 0.000000 | 0.932540 |
|      0.900 |      1.000 |        0 | 0.000000 | 0.932540 |
|      1.000 |      1.100 |        0 | 0.000000 | 0.932540 |
|      1.100 |      1.200 |        0 | 0.000000 | 0.932540 |
|      1.200 |      1.300 |        0 | 0.000000 | 0.932540 |
|      1.300 |      1.400 |        0 | 0.000000 | 0.932540 |
|      1.400 |      1.500 |        2 | 0.007937 | 0.940476 |
|      1.500 |      1.600 |        0 | 0.000000 | 0.940476 |
|      1.600 |      1.700 |        1 | 0.003968 | 0.944444 |
|      1.700 |      1.800 |        1 | 0.003968 | 0.948413 |
|      1.800 |      1.900 |        0 | 0.000000 | 0.948413 |
|      1.900 |      2.000 |        0 | 0.000000 | 0.948413 |
+------------+------------+----------+----------+----------+

#
# SIMLIB run-time statistics:
#    StartTime  = 0
#    EndTime    = 480
#    EventCount = 4048
#    StepCount  = 0
#
